[INFO] Scanning for projects...
[WARNING] 
[WARNING] Some problems were encountered while building the effective model for com.internship:external-audit-coordinator:jar:0.0.1-SNAPSHOT
[WARNING] 'parent.relativePath' of POM com.internship:external-audit-coordinator:0.0.1-SNAPSHOT (c:\Users\hanam\OneDrive\Desktop\fs-java-internship\external-audit-coordinator\backend\pom.xml) points at com.internship:external-audit-coordinator-parent instead of org.springframework.boot:spring-boot-starter-parent, please verify your project structure @ line 13, column 9
[WARNING] 
[WARNING] It is highly recommended to fix these problems because they threaten the stability of your build.
[WARNING] 
[WARNING] For this reason, future Maven versions might no longer support building such malformed projects.
[WARNING] 
[INFO] 
[INFO] -------------< com.internship:external-audit-coordinator >--------------
[INFO] Building External Audit Coordinator 0.0.1-SNAPSHOT
[INFO]   from pom.xml
[INFO] --------------------------------[ jar ]---------------------------------
[INFO] 
[INFO] --- clean:3.3.2:clean (default-clean) @ external-audit-coordinator ---
[INFO] Deleting c:\Users\hanam\OneDrive\Desktop\fs-java-internship\external-audit-coordinator\backend\target
[INFO] 
[INFO] --- resources:3.3.1:resources (default-resources) @ external-audit-coordinator ---
[INFO] Copying 1 resource from src\main\resources to target\classes
[INFO] Copying 5 resources from src\main\resources to target\classes
[INFO] 
[INFO] --- compiler:3.11.0:compile (default-compile) @ external-audit-coordinator ---
[INFO] ------------------------------------------------------------------------
[INFO] BUILD FAILURE
[INFO] ------------------------------------------------------------------------
[INFO] Total time:  3.252 s
[INFO] Finished at: 2026-05-02T09:49:50+05:30
[INFO] ------------------------------------------------------------------------
[ERROR] Failed to execute goal org.apache.maven.plugins:maven-compiler-plugin:3.11.0:compile (default-compile) on project external-audit-coordinator: Resolution of annotationProcessorPath dependencies failed: version can neither be null, empty nor blank -> [Help 1]
[ERROR] 
[ERROR] To see the full stack trace of the errors, re-run Maven with the -e switch.
[ERROR] Re-run Maven using the -X switch to enable full debug logging.
[ERROR] 
[ERROR] For more information about the errors and possible solutions, please read the following articles:
[ERROR] [Help 1] http://cwiki.apache.org/confluence/display/MAVEN/MojoExecutionException
